[2020-08-07 16:27:59.278] [jointLog] [info] setting maxHashResizeThreads to 8
[2020-08-07 16:27:59.278] [jointLog] [info] Fragment incompatibility prior below threshold.  Incompatible fragments will be ignored.
[2020-08-07 16:27:59.278] [jointLog] [info] Usage of --validateMappings implies use of minScoreFraction. Since not explicitly specified, it is being set to 0.65
[2020-08-07 16:27:59.278] [jointLog] [info] Usage of --validateMappings implies a default consensus slack of 0.2. Setting consensusSlack to 0.35.
[2020-08-07 16:27:59.278] [jointLog] [info] parsing read library format
[2020-08-07 16:27:59.278] [jointLog] [info] There is 1 library.
[2020-08-07 16:27:59.407] [jointLog] [info] Loading pufferfish index
[2020-08-07 16:27:59.407] [jointLog] [info] Loading dense pufferfish index.
[2020-08-07 16:28:01.481] [jointLog] [info] done
[2020-08-07 16:28:01.481] [jointLog] [info] Index contained 227,201 targets
[2020-08-07 16:28:01.657] [jointLog] [info] Number of decoys : 0
[2020-08-07 16:28:02.410] [jointLog] [info] Automatically detected most likely library type as IU
[2020-08-07 16:28:47.019] [jointLog] [info] Computed 306,213 rich equivalence classes for further processing
[2020-08-07 16:28:47.019] [jointLog] [info] Counted 6,825,093 total reads in the equivalence classes 
[2020-08-07 16:28:47.027] [jointLog] [warning] 0.218533% of fragments were shorter than the k used to build the index.
If this fraction is too large, consider re-building the index with a smaller k.
The minimum read size found was 20.


[2020-08-07 16:28:47.027] [jointLog] [info] Number of mappings discarded because of alignment score : 2,564,282
[2020-08-07 16:28:47.027] [jointLog] [info] Number of fragments entirely discarded because of alignment score : 340,346
[2020-08-07 16:28:47.027] [jointLog] [info] Number of fragments discarded because they are best-mapped to decoys : 0
[2020-08-07 16:28:47.027] [jointLog] [info] Number of fragments discarded because they have only dovetail (discordant) mappings to valid targets : 17,967
[2020-08-07 16:28:47.027] [jointLog] [info] Mapping rate = 85.0637%

[2020-08-07 16:28:47.027] [jointLog] [info] finished quantifyLibrary()
[2020-08-07 16:28:47.027] [jointLog] [info] Starting optimizer
[2020-08-07 16:28:47.259] [jointLog] [info] Marked 0 weighted equivalence classes as degenerate
[2020-08-07 16:28:47.299] [jointLog] [info] iteration = 0 | max rel diff. = 2589.07
[2020-08-07 16:28:47.020] [fileLog] [info] 
At end of round 0
==================
Observed 8023505 total fragments (8023505 in most recent round)

[2020-08-07 16:28:51.030] [jointLog] [info] iteration = 100 | max rel diff. = 12.2774
[2020-08-07 16:28:54.730] [jointLog] [info] iteration = 200 | max rel diff. = 14.0543
[2020-08-07 16:28:58.407] [jointLog] [info] iteration = 300 | max rel diff. = 6.30063
[2020-08-07 16:29:02.115] [jointLog] [info] iteration = 400 | max rel diff. = 2.41149
[2020-08-07 16:29:05.813] [jointLog] [info] iteration = 500 | max rel diff. = 0.18695
[2020-08-07 16:29:09.498] [jointLog] [info] iteration = 600 | max rel diff. = 0.13973
[2020-08-07 16:29:13.199] [jointLog] [info] iteration = 700 | max rel diff. = 0.17214
[2020-08-07 16:29:16.934] [jointLog] [info] iteration = 800 | max rel diff. = 0.0820775
[2020-08-07 16:29:20.630] [jointLog] [info] iteration = 900 | max rel diff. = 0.0624467
[2020-08-07 16:29:24.320] [jointLog] [info] iteration = 1,000 | max rel diff. = 0.0887731
[2020-08-07 16:29:25.058] [jointLog] [info] iteration = 1,021 | max rel diff. = 0.00943983
[2020-08-07 16:29:25.102] [jointLog] [info] Finished optimizer
[2020-08-07 16:29:25.102] [jointLog] [info] writing output 

