[2020-08-04 10:47:55,307] multiqc                                            [DEBUG  ]  No MultiQC config found: /home/eanbit6/miniconda3/envs/eanbit/lib/python2.7/site-packages/multiqc_config.yaml
[2020-08-04 10:47:55,308] multiqc                                            [DEBUG  ]  No MultiQC config found: /home/eanbit6/.multiqc_config.yaml
[2020-08-04 10:47:55,308] multiqc                                            [DEBUG  ]  No MultiQC config found: multiqc_config.yaml
[2020-08-04 10:47:55,308] multiqc                                            [DEBUG  ]  Command used: /home/eanbit6/miniconda3/envs/eanbit/bin/multiqc hisat_counts --outdir hisat_counts/multiQC
[2020-08-04 10:47:57,208] multiqc                                            [WARNING]  MultiQC Version v1.9 now available!
[2020-08-04 10:47:57,208] multiqc                                            [INFO   ]  This is MultiQC v1.8
[2020-08-04 10:47:57,209] multiqc                                            [DEBUG  ]  Command     : /home/eanbit6/miniconda3/envs/eanbit/bin/multiqc hisat_counts --outdir hisat_counts/multiQC
[2020-08-04 10:47:57,209] multiqc                                            [DEBUG  ]  Working dir : /home/eanbit6/Ruth_RNASEQ/all_rawdata
[2020-08-04 10:47:57,209] multiqc                                            [INFO   ]  Template    : default
[2020-08-04 10:47:57,209] multiqc                                            [WARNING]  You are running MultiQC with Python 2.7.17
[2020-08-04 10:47:57,209] multiqc                                            [WARNING]  Please upgrade! MultiQC will soon drop support for Python < 3.6
[2020-08-04 10:47:57,210] multiqc                                            [INFO   ]  Searching   : /home/eanbit6/Ruth_RNASEQ/all_rawdata/hisat_counts
[2020-08-04 10:47:57,211] multiqc                                            [DEBUG  ]  Analysing modules: custom_content, conpair, peddy, methylQA, phantompeakqualtools, qualimap, preseq, quast, qorts, rna_seqc, rsem, rseqc, busco, goleft_indexcov, disambiguate, supernova, deeptools, sargasso, verifybamid, mirtrace, happy, homer, macs2, theta2, snpeff, gatk, htseq, bcftools, featureCounts, fgbio, dedup, damageprofiler, biobambam2, mtnucratio, picard, prokka, samblaster, samtools, sexdeterrmine, bamtools, jellyfish, vcftools, longranger, stacks, bbmap, bismark, biscuit, hicexplorer, hicup, hicpro, salmon, kallisto, slamdunk, star, hisat2, tophat, bowtie2, bowtie1, kat, leehom, adapterRemoval, clipandmerge, cutadapt, flexbar, trimmomatic, skewer, sortmerna, biobloomtools, fastq_screen, afterqc, fastp, fastqc, minionqc, mosdepth, clusterflow, bcl2fastq, interop, flash, seqyclean
[2020-08-04 10:47:57,211] multiqc                                            [DEBUG  ]  Using temporary directory for creating report: /tmp/tmp80nUQz
[2020-08-04 10:48:04,558] multiqc.plots.bargraph                             [DEBUG  ]  Using matplotlib version 2.2.4
[2020-08-04 10:48:04,559] multiqc.plots.linegraph                            [DEBUG  ]  Using matplotlib version 2.2.4
[2020-08-04 10:48:04,560] multiqc                                            [DEBUG  ]  No samples found: custom_content
[2020-08-04 10:48:04,566] multiqc                                            [DEBUG  ]  No samples found: conpair
[2020-08-04 10:48:04,572] multiqc                                            [DEBUG  ]  No samples found: peddy
[2020-08-04 10:48:04,577] multiqc                                            [DEBUG  ]  No samples found: methylQA
[2020-08-04 10:48:04,583] multiqc                                            [DEBUG  ]  No samples found: phantompeakqualtools
[2020-08-04 10:48:04,590] multiqc                                            [DEBUG  ]  No samples found: qualimap
[2020-08-04 10:48:04,595] multiqc                                            [DEBUG  ]  No samples found: preseq
[2020-08-04 10:48:04,601] multiqc                                            [DEBUG  ]  No samples found: quast
[2020-08-04 10:48:04,607] multiqc                                            [DEBUG  ]  No samples found: qorts
[2020-08-04 10:48:04,612] multiqc                                            [DEBUG  ]  No samples found: rna_seqc
[2020-08-04 10:48:04,618] multiqc                                            [DEBUG  ]  No samples found: rsem
[2020-08-04 10:48:04,625] multiqc                                            [DEBUG  ]  No samples found: rseqc
[2020-08-04 10:48:04,631] multiqc                                            [DEBUG  ]  No samples found: busco
[2020-08-04 10:48:04,636] multiqc                                            [DEBUG  ]  No samples found: goleft_indexcov
[2020-08-04 10:48:04,642] multiqc                                            [DEBUG  ]  No samples found: disambiguate
[2020-08-04 10:48:04,648] multiqc                                            [DEBUG  ]  No samples found: supernova
[2020-08-04 10:48:04,655] multiqc                                            [DEBUG  ]  No samples found: deeptools
[2020-08-04 10:48:04,660] multiqc                                            [DEBUG  ]  No samples found: sargasso
[2020-08-04 10:48:04,666] multiqc                                            [DEBUG  ]  No samples found: verifybamid
[2020-08-04 10:48:04,672] multiqc                                            [DEBUG  ]  No samples found: mirtrace
[2020-08-04 10:48:04,677] multiqc                                            [DEBUG  ]  No samples found: happy
[2020-08-04 10:48:04,683] multiqc                                            [DEBUG  ]  No samples found: homer
[2020-08-04 10:48:04,689] multiqc                                            [DEBUG  ]  No samples found: macs2
[2020-08-04 10:48:04,695] multiqc                                            [DEBUG  ]  No samples found: theta2
[2020-08-04 10:48:04,700] multiqc                                            [DEBUG  ]  No samples found: snpeff
[2020-08-04 10:48:04,707] multiqc                                            [DEBUG  ]  No samples found: gatk
[2020-08-04 10:48:04,712] multiqc                                            [DEBUG  ]  No samples found: htseq
[2020-08-04 10:48:04,718] multiqc                                            [DEBUG  ]  No samples found: bcftools
[2020-08-04 10:48:04,726] multiqc.modules.featureCounts.feature_counts       [INFO   ]  Found 6 reports
[2020-08-04 10:48:04,738] multiqc                                            [DEBUG  ]  No samples found: fgbio
[2020-08-04 10:48:04,744] multiqc                                            [DEBUG  ]  No samples found: dedup
[2020-08-04 10:48:04,750] multiqc                                            [DEBUG  ]  No samples found: damageprofiler
[2020-08-04 10:48:04,758] multiqc                                            [DEBUG  ]  No samples found: biobambam2
[2020-08-04 10:48:04,764] multiqc                                            [DEBUG  ]  No samples found: mtnucratio
[2020-08-04 10:48:04,770] multiqc                                            [DEBUG  ]  No samples found: picard
[2020-08-04 10:48:04,776] multiqc                                            [DEBUG  ]  No samples found: prokka
[2020-08-04 10:48:04,781] multiqc                                            [DEBUG  ]  No samples found: samblaster
[2020-08-04 10:48:04,788] multiqc                                            [DEBUG  ]  No samples found: samtools
[2020-08-04 10:48:04,793] multiqc                                            [DEBUG  ]  No samples found: sexdeterrmine
[2020-08-04 10:48:04,799] multiqc                                            [DEBUG  ]  No samples found: bamtools
[2020-08-04 10:48:04,804] multiqc                                            [DEBUG  ]  No samples found: jellyfish
[2020-08-04 10:48:04,811] multiqc                                            [DEBUG  ]  No samples found: vcftools
[2020-08-04 10:48:04,850] multiqc                                            [DEBUG  ]  No samples found: longranger
[2020-08-04 10:48:04,856] multiqc                                            [DEBUG  ]  No samples found: stacks
[2020-08-04 10:48:04,864] multiqc                                            [DEBUG  ]  No samples found: bbmap
[2020-08-04 10:48:04,870] multiqc                                            [DEBUG  ]  No samples found: bismark
[2020-08-04 10:48:04,876] multiqc                                            [DEBUG  ]  No samples found: biscuit
[2020-08-04 10:48:04,881] multiqc                                            [DEBUG  ]  No samples found: hicexplorer
[2020-08-04 10:48:04,887] multiqc                                            [DEBUG  ]  No samples found: hicup
[2020-08-04 10:48:04,893] multiqc                                            [DEBUG  ]  No samples found: hicpro
[2020-08-04 10:48:04,898] multiqc                                            [DEBUG  ]  No samples found: salmon
[2020-08-04 10:48:04,904] multiqc                                            [DEBUG  ]  No samples found: kallisto
[2020-08-04 10:48:04,910] multiqc                                            [DEBUG  ]  No samples found: slamdunk
[2020-08-04 10:48:04,916] multiqc                                            [DEBUG  ]  No samples found: star
[2020-08-04 10:48:04,921] multiqc                                            [DEBUG  ]  No samples found: hisat2
[2020-08-04 10:48:04,927] multiqc                                            [DEBUG  ]  No samples found: tophat
[2020-08-04 10:48:04,932] multiqc                                            [DEBUG  ]  No samples found: bowtie2
[2020-08-04 10:48:04,938] multiqc                                            [DEBUG  ]  No samples found: bowtie1
[2020-08-04 10:48:04,943] multiqc                                            [DEBUG  ]  No samples found: kat
[2020-08-04 10:48:04,949] multiqc                                            [DEBUG  ]  No samples found: leehom
[2020-08-04 10:48:04,955] multiqc                                            [DEBUG  ]  No samples found: adapterRemoval
[2020-08-04 10:48:04,960] multiqc                                            [DEBUG  ]  No samples found: clipandmerge
[2020-08-04 10:48:04,966] multiqc                                            [DEBUG  ]  No samples found: cutadapt
[2020-08-04 10:48:04,971] multiqc                                            [DEBUG  ]  No samples found: flexbar
[2020-08-04 10:48:04,977] multiqc                                            [DEBUG  ]  No samples found: trimmomatic
[2020-08-04 10:48:04,983] multiqc                                            [DEBUG  ]  No samples found: skewer
[2020-08-04 10:48:04,988] multiqc                                            [DEBUG  ]  No samples found: sortmerna
[2020-08-04 10:48:04,994] multiqc                                            [DEBUG  ]  No samples found: biobloomtools
[2020-08-04 10:48:05,000] multiqc                                            [DEBUG  ]  No samples found: fastq_screen
[2020-08-04 10:48:05,005] multiqc                                            [DEBUG  ]  No samples found: afterqc
[2020-08-04 10:48:05,011] multiqc                                            [DEBUG  ]  No samples found: fastp
[2020-08-04 10:48:05,017] multiqc                                            [DEBUG  ]  No samples found: fastqc
[2020-08-04 10:48:05,023] multiqc                                            [DEBUG  ]  No samples found: minionqc
[2020-08-04 10:48:05,028] multiqc                                            [DEBUG  ]  No samples found: mosdepth
[2020-08-04 10:48:05,034] multiqc                                            [DEBUG  ]  No samples found: clusterflow
[2020-08-04 10:48:05,040] multiqc                                            [DEBUG  ]  No samples found: bcl2fastq
[2020-08-04 10:48:05,045] multiqc                                            [DEBUG  ]  No samples found: interop
[2020-08-04 10:48:05,051] multiqc                                            [DEBUG  ]  No samples found: flash
[2020-08-04 10:48:05,057] multiqc                                            [DEBUG  ]  No samples found: seqyclean
[2020-08-04 10:48:05,063] multiqc                                            [INFO   ]  Compressing plot data
[2020-08-04 10:48:05,079] multiqc                                            [INFO   ]  Report      : hisat_counts/multiQC/multiqc_report.html
[2020-08-04 10:48:05,079] multiqc                                            [INFO   ]  Data        : hisat_counts/multiQC/multiqc_data
[2020-08-04 10:48:05,079] multiqc                                            [DEBUG  ]  Moving data file from '/tmp/tmp80nUQz/multiqc_data/multiqc_qualimap_bamqc_genome_results.txt' to 'hisat_counts/multiQC/multiqc_data'
[2020-08-04 10:48:05,080] multiqc                                            [DEBUG  ]  Moving data file from '/tmp/tmp80nUQz/multiqc_data/multiqc_featureCounts.txt' to 'hisat_counts/multiQC/multiqc_data'
[2020-08-04 10:48:05,080] multiqc                                            [DEBUG  ]  Moving data file from '/tmp/tmp80nUQz/multiqc_data/multiqc_general_stats.txt' to 'hisat_counts/multiQC/multiqc_data'
[2020-08-04 10:48:05,080] multiqc                                            [DEBUG  ]  Moving data file from '/tmp/tmp80nUQz/multiqc_data/multiqc_sources.txt' to 'hisat_counts/multiQC/multiqc_data'
[2020-08-04 10:48:05,081] multiqc                                            [DEBUG  ]  Moving data file from '/tmp/tmp80nUQz/multiqc_data/multiqc_data.json' to 'hisat_counts/multiQC/multiqc_data'
[2020-08-04 10:48:05,394] multiqc                                            [INFO   ]  MultiQC complete
