[2020-08-07 16:34:15.395] [jointLog] [info] setting maxHashResizeThreads to 8
[2020-08-07 16:34:15.395] [jointLog] [info] Fragment incompatibility prior below threshold.  Incompatible fragments will be ignored.
[2020-08-07 16:34:15.395] [jointLog] [info] Usage of --validateMappings implies use of minScoreFraction. Since not explicitly specified, it is being set to 0.65
[2020-08-07 16:34:15.395] [jointLog] [info] Usage of --validateMappings implies a default consensus slack of 0.2. Setting consensusSlack to 0.35.
[2020-08-07 16:34:15.395] [jointLog] [info] parsing read library format
[2020-08-07 16:34:15.395] [jointLog] [info] There is 1 library.
[2020-08-07 16:34:15.515] [jointLog] [info] Loading pufferfish index
[2020-08-07 16:34:15.515] [jointLog] [info] Loading dense pufferfish index.
[2020-08-07 16:34:17.568] [jointLog] [info] done
[2020-08-07 16:34:17.568] [jointLog] [info] Index contained 227,201 targets
[2020-08-07 16:34:17.745] [jointLog] [info] Number of decoys : 0
[2020-08-07 16:34:18.359] [jointLog] [info] Automatically detected most likely library type as IU
[2020-08-07 16:35:48.633] [jointLog] [info] Computed 589,220 rich equivalence classes for further processing
[2020-08-07 16:35:48.633] [jointLog] [info] Counted 14,615,770 total reads in the equivalence classes 
[2020-08-07 16:35:48.640] [jointLog] [warning] 0.439944% of fragments were shorter than the k used to build the index.
If this fraction is too large, consider re-building the index with a smaller k.
The minimum read size found was 20.


[2020-08-07 16:35:48.640] [jointLog] [info] Number of mappings discarded because of alignment score : 5,535,984
[2020-08-07 16:35:48.640] [jointLog] [info] Number of fragments entirely discarded because of alignment score : 559,740
[2020-08-07 16:35:48.640] [jointLog] [info] Number of fragments discarded because they are best-mapped to decoys : 0
[2020-08-07 16:35:48.640] [jointLog] [info] Number of fragments discarded because they have only dovetail (discordant) mappings to valid targets : 44,686
[2020-08-07 16:35:48.640] [jointLog] [info] Mapping rate = 85.3356%

[2020-08-07 16:35:48.640] [jointLog] [info] finished quantifyLibrary()
[2020-08-07 16:35:48.640] [jointLog] [info] Starting optimizer
[2020-08-07 16:35:48.634] [fileLog] [info] 
At end of round 0
==================
Observed 17127403 total fragments (17127403 in most recent round)

[2020-08-07 16:35:48.925] [jointLog] [info] Marked 0 weighted equivalence classes as degenerate
[2020-08-07 16:35:48.976] [jointLog] [info] iteration = 0 | max rel diff. = 4538.1
[2020-08-07 16:35:53.883] [jointLog] [info] iteration = 100 | max rel diff. = 16.6332
[2020-08-07 16:35:58.776] [jointLog] [info] iteration = 200 | max rel diff. = 4.53126
[2020-08-07 16:36:03.633] [jointLog] [info] iteration = 300 | max rel diff. = 15.2327
[2020-08-07 16:36:08.478] [jointLog] [info] iteration = 400 | max rel diff. = 0.550831
[2020-08-07 16:36:13.374] [jointLog] [info] iteration = 500 | max rel diff. = 2.00811
[2020-08-07 16:36:18.251] [jointLog] [info] iteration = 600 | max rel diff. = 0.847332
[2020-08-07 16:36:23.126] [jointLog] [info] iteration = 700 | max rel diff. = 0.188297
[2020-08-07 16:36:27.981] [jointLog] [info] iteration = 800 | max rel diff. = 0.145549
[2020-08-07 16:36:32.828] [jointLog] [info] iteration = 900 | max rel diff. = 0.105975
[2020-08-07 16:36:37.710] [jointLog] [info] iteration = 1,000 | max rel diff. = 0.0252623
[2020-08-07 16:36:42.632] [jointLog] [info] iteration = 1,100 | max rel diff. = 0.0552085
[2020-08-07 16:36:47.519] [jointLog] [info] iteration = 1,200 | max rel diff. = 0.0651324
[2020-08-07 16:36:52.392] [jointLog] [info] iteration = 1,300 | max rel diff. = 0.803353
[2020-08-07 16:36:56.156] [jointLog] [info] iteration = 1,378 | max rel diff. = 0.0093593
[2020-08-07 16:36:56.198] [jointLog] [info] Finished optimizer
[2020-08-07 16:36:56.198] [jointLog] [info] writing output 

